Arguments: 
  /usr/local/bin/node /usr/local/bin/yarn

PATH: 
  ~/.rbenv/shims:/usr/local/bin:/usr/bin:/bin:/usr/sbin:/sbin

Yarn version: 
  1.16.0

Node version: 
  12.9.1

Platform: 
  darwin x64

Trace: 
  SyntaxError: /Users/kor/_work/typescript-react-boilerplate/package.json: Unexpected token < in JSON at position 445
      at JSON.parse (<anonymous>)
      at /usr/local/lib/node_modules/yarn/lib/cli.js:1625:59
      at Generator.next (<anonymous>)
      at step (/usr/local/lib/node_modules/yarn/lib/cli.js:304:30)
      at /usr/local/lib/node_modules/yarn/lib/cli.js:315:13

npm manifest: 
  {
    "name": "ks",
    "version": "1.0.0",
    "main": "index.js",
    "repository": "git@github.com:koranins/typescript-react-boilerplate.git",
    "author": "Koranin Suwannaprasert <koranin@descarteslabs.com>",
    "license": "MIT",
    "scripts": {
      "start": "webpack-dev-server --open --config webpack.dev.ts",
      "build": "webpack --config webpack.prod.ts",
      "lint": "eslint src/** --ext .ts,.tsx",
      "test": "jest"
    },
    "devDependencies": {
  <<<<<<< HEAD
      "@babel/core": "^7.6.3",
      "@babel/preset-react": "^7.6.3",
  =======
      "@babel/core": "^7.6.2",
      "@babel/preset-react": "^7.0.0",
  >>>>>>> d4e5b5c039068afaf66f01daba2159b2926878fe
      "@babel/preset-typescript": "^7.6.0",
      "@types/enzyme": "^3.10.3",
      "@types/enzyme-adapter-react-16": "^1.0.5",
      "@types/html-webpack-plugin": "^3.2.1",
      "@types/jest": "^24.0.18",
  <<<<<<< HEAD
      "@types/node": "^12.7.12",
      "@types/react-router-dom": "^5.1.0",
      "@types/styled-components": "^4.1.19",
      "@types/webpack": "^4.39.3",
  =======
      "@types/jsdom": "^12.2.4",
      "@types/node": "^12.7.11",
      "@types/react-router-dom": "^5.1.0",
      "@types/styled-components": "^4.1.19",
      "@types/webpack": "^4.39.2",
  >>>>>>> d4e5b5c039068afaf66f01daba2159b2926878fe
      "@types/webpack-dev-server": "^3.1.7",
      "@typescript-eslint/eslint-plugin": "^2.3.2",
      "@typescript-eslint/parser": "^2.3.2",
      "babel-loader": "^8.0.6",
      "babel-plugin-styled-components": "^1.10.6",
      "clean-webpack-plugin": "^3.0.0",
      "enzyme": "^3.10.0",
      "enzyme-adapter-react-16": "^1.15.0",
      "enzyme-to-json": "^3.4.2",
      "eslint": "^6.5.1",
      "eslint-config-prettier": "^6.4.0",
      "eslint-plugin-prettier": "^3.1.1",
      "eslint-plugin-react": "^7.16.0",
      "html-webpack-plugin": "^3.2.0",
      "jest": "^24.9.0",
      "jsdom": "^15.1.1",
      "prettier": "^1.18.2",
      "ts-jest": "^24.1.0",
      "ts-node": "^8.4.1",
      "typescript": "^3.6.4",
      "webpack": "^4.41.0",
      "webpack-cli": "^3.3.9",
      "webpack-dev-server": "^3.8.2",
      "webpack-merge": "^4.2.2"
    },
    "dependencies": {
      "@types/react": "^16.9.5",
      "@types/react-dom": "^16.9.1",
      "prop-types": "^15.7.2",
      "react": "^16.10.2",
      "react-dom": "^16.10.2",
      "react-router-dom": "^5.1.2",
      "styled-components": "^4.4.0"
    }
  }

yarn manifest: 
  No manifest

Lockfile: 
  No lockfile
